#
# A fatal error has been detected by the Java Runtime Environment:
#
#  SIGSEGV (0xb) at pc=0x00007fff8fe4c0dd, pid=14398, tid=50695
#
# JRE version: Java(TM) SE Runtime Environment (8.0_05-b13) (build 1.8.0_05-b13)
# Java VM: Java HotSpot(TM) 64-Bit Server VM (25.5-b02 mixed mode bsd-amd64 compressed oops)
# Problematic frame:
# C  [libobjc.A.dylib+0x10dd]  objc_msgSend+0x1d
#
# Failed to write core dump. Core dumps have been disabled. To enable core dumping, try "ulimit -c unlimited" before starting Java again
#
# If you would like to submit a bug report, please visit:
#   http://bugreport.sun.com/bugreport/crash.jsp
# The crash happened outside the Java Virtual Machine in native code.
# See problematic frame for where to report the bug.
#

---------------  T H R E A D  ---------------

Current thread (0x00007fe308a7d800):  JavaThread "AWT-EventQueue-0" [_thread_in_native, id=50695, stack(0x000000012335f000,0x000000012345f000)]

siginfo:si_signo=SIGSEGV: si_errno=0, si_code=1 (SEGV_MAPERR), si_addr=0x000056ad00040040

Registers:
RAX=0x1b9156ad0004002a, RBX=0x00007fe30c304080, RCX=0x0000000000000012, RDX=0x00007fff7c4be680
RSP=0x0000000123455b78, RBP=0x0000000123455bc0, RSI=0x00007fff948ff002, RDI=0x00007fe30c304080
R8 =0x00007fe30c304080, R9 =0x00007fe3113e4270, R10=0x00007fff948ff002, R11=0x000056ad00040028
R12=0x0000000123455c48, R13=0x0000000000000001, R14=0x00007fff7c4be680, R15=0x00007fff7c3e3230
RIP=0x00007fff8fe4c0dd, EFLAGS=0x0000000000010206, ERR=0x0000000000000004
  TRAPNO=0x000000000000000e

Top of Stack: (sp=0x0000000123455b78)
0x0000000123455b78:   00007fff9821181f 00007fff948feb38
0x0000000123455b88:   00007fe3113e4270 00007fe30b200710
0x0000000123455b98:   00007fff7ada5190 0000000123455bf8
0x0000000123455ba8:   00007fe3085500d0 0000000000000003
0x0000000123455bb8:   00007fe30c304080 0000000123455c20
0x0000000123455bc8:   00007fff988675ad 0000000000000310
0x0000000123455bd8:   4060000000000000 4060000000000000
0x0000000123455be8:   00007fff8fe6a22b 00007fe3113e4270
0x0000000123455bf8:   00007fe3113e4270 00007fff8fe4c0c0
0x0000000123455c08:   00007fe3113e36f0 00007fe3085500d0
0x0000000123455c18:   0000000000000000 0000000123455c80
0x0000000123455c28:   00007fff9059fd2a 41442d4343454335
0x0000000123455c38:   4060000000000000 4060000000000000
0x0000000123455c48:   0000000000000000 00007fff9059fd83
0x0000000123455c58:   00007fff9059fe08 0000000000000000
0x0000000123455c68:   0000000000000001 00007fe3119f18a0
0x0000000123455c78:   00007fff8fe4c0c0 0000000123455cc0
0x0000000123455c88:   00007fff905a2c78 00007fe30c376f10
0x0000000123455c98:   00007fe311b0b7a0 0000000000000080
0x0000000123455ca8:   00007fff8fe4c0c0 00007fe30c404e90
0x0000000123455cb8:   00007fe3113e36f0 00000001234565a0
0x0000000123455cc8:   00007fff905a286a 00007fe30c376f10
0x0000000123455cd8:   00007fe30c402a90 00007fe30c404e90
0x0000000123455ce8:   00007fe30eec5740 0000000000000000
0x0000000123455cf8:   0000000123455cf0 0000002000000000
0x0000000123455d08:   0000000000000000 00007fe3085b8590
0x0000000123455d18:   00007fe32d0d8fd0 00007fe32d0d8f70
0x0000000123455d28:   00007fe308449348 00000000000003d8
0x0000000123455d38:   000000b000000db9 0000000123450100
0x0000000123455d48:   0000005c00000db9 00007fe30b34d520
0x0000000123455d58:   000000002d0d1920 000000012d0c9ca8
0x0000000123455d68:   00007fe308a7d800 000000012d0d8f50 

Instructions: (pc=0x00007fff8fe4c0dd)
0x00007fff8fe4c0bd:   00 00 00 48 85 ff 2e 74 7a 40 f6 c7 01 2e 75 7e
0x00007fff8fe4c0cd:   49 bb f8 ff ff ff ff 7f 00 00 4c 23 1f 49 89 f2
0x00007fff8fe4c0dd:   45 23 53 18 49 c1 e2 04 4d 03 53 10 49 3b 32 75
0x00007fff8fe4c0ed:   04 41 ff 62 08 49 83 3a 00 74 6a 4d 3b 53 10 74 

Register to memory mapping:

RAX=0x1b9156ad0004002a is an unknown value
RBX=0x00007fe30c304080 is an unknown value
RCX=0x0000000000000012 is an unknown value
RDX=0x00007fff7c4be680: __block_descriptor_tmp+0x5650 in /System/Library/Frameworks/CoreGraphics.framework/Versions/A/CoreGraphics at 0x00007fff98829000
RSP=0x0000000123455b78 is pointing into the stack for thread: 0x00007fe308a7d800
RBP=0x0000000123455bc0 is pointing into the stack for thread: 0x00007fe308a7d800
RSI=0x00007fff948ff002 is an unknown value
RDI=0x00007fe30c304080 is an unknown value
R8 =0x00007fe30c304080 is an unknown value
R9 =0x00007fe3113e4270 is an unknown value
R10=0x00007fff948ff002 is an unknown value
R11=0x000056ad00040028 is an unknown value
R12=0x0000000123455c48 is pointing into the stack for thread: 0x00007fe308a7d800
R13=0x0000000000000001 is an unknown value
R14=0x00007fff7c4be680: __block_descriptor_tmp+0x5650 in /System/Library/Frameworks/CoreGraphics.framework/Versions/A/CoreGraphics at 0x00007fff98829000
R15=0x00007fff7c3e3230: OBJC_CLASS_$___NSCFDictionary+0 in /System/Library/Frameworks/CoreFoundation.framework/Versions/A/CoreFoundation at 0x00007fff98208000


Stack: [0x000000012335f000,0x000000012345f000],  sp=0x0000000123455b78,  free space=986k
Native frames: (J=compiled Java code, j=interpreted, Vv=VM code, C=native code)
C  [libobjc.A.dylib+0x10dd]  objc_msgSend+0x1d
C  [CoreGraphics+0x3e5ad]  CGImageProviderCreate+0x14d
C  [IconServices+0x12d2a]  +[ISImageDataSource newCGImageWithDataSource:]+0x105
C  [IconServices+0x15c78]  -[ISIconCache(CacheLookup) _createCGImageWithData:UUID:addToCache:]+0x6f
C  [IconServices+0x1586a]  -[ISIconCache(CacheLookup) _copyCachedCGImageForImageDescriptor:]+0x2af
C  [IconServices+0x14cc9]  -[ISIconCache copyImageForBinding:size:scale:options:]+0x13b
C  [IconServices+0x1f00]  _ISCreateCGImageFromBindingWithSizeScaleAndOptions+0x96
C  [IconServices+0x4527]  _ISCreateCGImageForTypeAtScaleInternal+0xba
C  [AppKit+0x2ae086]  -[NSIconRefImageRep CGImageForProposedRect:context:hints:]+0x11
C  [AppKit+0x165566]  -[NSImageRep CGImageForProposedRect:context:hints:flipped:]+0x142
C  [AppKit+0x16601a]  -[NSImage _newSnapshotRepForRep:rect:context:processedHints:]+0x93
C  [AppKit+0x165f66]  -[NSImage _snapshotRepForRep:rect:context:processedHints:]+0xc7
C  [AppKit+0x50708e]  __71-[NSImage drawInRect:fromRect:operation:fraction:respectFlipped:hints:]_block_invoke995+0x10b
C  [AppKit+0xed3a6]  -[NSImage _usingBestRepresentationForRect:context:hints:body:]+0xa4
C  [AppKit+0x15e767]  -[NSImage drawInRect:fromRect:operation:fraction:respectFlipped:hints:]+0x84a
C  [libawt_lwawt.dylib+0x1c8f8]  Java_sun_lwawt_macosx_CImage_nativeCopyNSImageIntoArray+0x16c
j  sun.lwawt.macosx.CImage.nativeCopyNSImageIntoArray(J[III)V+0
j  sun.lwawt.macosx.CImage.toImage()Ljava/awt/image/BufferedImage;+72
j  sun.lwawt.macosx.CImage$Creator.createImageWithSize(JDD)Ljava/awt/image/BufferedImage;+21
j  sun.lwawt.macosx.CImage$Creator.createBufferedImage(JDD)Ljava/awt/image/BufferedImage;+21
j  sun.lwawt.macosx.CImage$Creator.createSystemImageFromSelector(Ljava/lang/String;II)Ljava/awt/image/BufferedImage;+12
j  com.apple.laf.AquaIcon$SystemIcon.createImage()Ljava/awt/Image;+15
j  com.apple.laf.AquaImageFactory.getAppIconCompositedOn(Lcom/apple/laf/AquaIcon$SystemIcon;)Ljavax/swing/plaf/IconUIResource;+9
j  com.apple.laf.AquaImageFactory.getStopImageIcon()Ljavax/swing/plaf/IconUIResource;+3
v  ~StubRoutines::call_stub
V  [libjvm.dylib+0x2c5186]
V  [libjvm.dylib+0x489f3c]
V  [libjvm.dylib+0x48a454]
V  [libjvm.dylib+0x312600]
j  sun.reflect.NativeMethodAccessorImpl.invoke0(Ljava/lang/reflect/Method;Ljava/lang/Object;[Ljava/lang/Object;)Ljava/lang/Object;+0
j  sun.reflect.NativeMethodAccessorImpl.invoke(Ljava/lang/Object;[Ljava/lang/Object;)Ljava/lang/Object;+100
J 455 C1 sun.reflect.DelegatingMethodAccessorImpl.invoke(Ljava/lang/Object;[Ljava/lang/Object;)Ljava/lang/Object; (10 bytes) @ 0x0000000109523504 [0x0000000109523400+0x104]
J 454 C1 java.lang.reflect.Method.invoke(Ljava/lang/Object;[Ljava/lang/Object;)Ljava/lang/Object; (62 bytes) @ 0x0000000109522f34 [0x0000000109522bc0+0x374]
j  sun.swing.SwingLazyValue.createValue(Ljavax/swing/UIDefaults;)Ljava/lang/Object;+57
J 795 C2 javax.swing.UIDefaults.getFromHashtable(Ljava/lang/Object;)Ljava/lang/Object; (239 bytes) @ 0x00000001096031d8 [0x0000000109602f60+0x278]
J 432 C1 javax.swing.UIDefaults.get(Ljava/lang/Object;Ljava/util/Locale;)Ljava/lang/Object; (21 bytes) @ 0x0000000109517c94 [0x0000000109517c00+0x94]
J 1792 C1 javax.swing.MultiUIDefaults.get(Ljava/lang/Object;Ljava/util/Locale;)Ljava/lang/Object; (72 bytes) @ 0x000000010988c76c [0x000000010988c480+0x2ec]
J 802 C1 sun.swing.DefaultLookup.getDefault(Ljavax/swing/JComponent;Ljavax/swing/plaf/ComponentUI;Ljava/lang/String;)Ljava/lang/Object; (9 bytes) @ 0x0000000109605174 [0x0000000109604ea0+0x2d4]
J 801 C1 sun.swing.DefaultLookup.get(Ljavax/swing/JComponent;Ljavax/swing/plaf/ComponentUI;Ljava/lang/String;)Ljava/lang/Object; (137 bytes) @ 0x0000000109600004 [0x00000001095ff740+0x8c4]
j  javax.swing.plaf.basic.BasicOptionPaneUI.getIconForType(I)Ljavax/swing/Icon;+75
j  javax.swing.plaf.basic.BasicOptionPaneUI.getIcon()Ljavax/swing/Icon;+38
j  com.apple.laf.AquaOptionPaneUI.createMessageArea()Ljava/awt/Container;+39
j  javax.swing.plaf.basic.BasicOptionPaneUI.installComponents()V+5
j  javax.swing.plaf.basic.BasicOptionPaneUI.installUI(Ljavax/swing/JComponent;)V+24
j  javax.swing.JComponent.setUI(Ljavax/swing/plaf/ComponentUI;)V+39
j  javax.swing.JOptionPane.setUI(Ljavax/swing/plaf/OptionPaneUI;)V+10
j  javax.swing.JOptionPane.updateUI()V+8
j  javax.swing.JOptionPane.<init>(Ljava/lang/Object;IILjavax/swing/Icon;[Ljava/lang/Object;Ljava/lang/Object;)V+52
j  javax.swing.JOptionPane.showOptionDialog(Ljava/awt/Component;Ljava/lang/Object;Ljava/lang/String;IILjavax/swing/Icon;[Ljava/lang/Object;Ljava/lang/Object;)I+14
j  javax.swing.JOptionPane.showMessageDialog(Ljava/awt/Component;Ljava/lang/Object;Ljava/lang/String;ILjavax/swing/Icon;)V+9
j  javax.swing.JOptionPane.showMessageDialog(Ljava/awt/Component;Ljava/lang/Object;Ljava/lang/String;I)V+5
j  amazon.EditForm.mostraErrore(Ljava/sql/SQLException;)V+106
j  amazon.FinestraUtente.eseguiOk()V+118
j  amazon.FinestraUtente.bOkActionPerformed(Ljava/awt/event/ActionEvent;)V+1
j  amazon.FinestraUtente.access$100(Lamazon/FinestraUtente;Ljava/awt/event/ActionEvent;)V+2
j  amazon.FinestraUtente$2.actionPerformed(Ljava/awt/event/ActionEvent;)V+5
j  javax.swing.AbstractButton.fireActionPerformed(Ljava/awt/event/ActionEvent;)V+83
j  javax.swing.AbstractButton$Handler.actionPerformed(Ljava/awt/event/ActionEvent;)V+5
j  javax.swing.DefaultButtonModel.fireActionPerformed(Ljava/awt/event/ActionEvent;)V+34
j  javax.swing.DefaultButtonModel.setPressed(Z)V+117
j  javax.swing.plaf.basic.BasicButtonListener.mouseReleased(Ljava/awt/event/MouseEvent;)V+35
j  java.awt.Component.processMouseEvent(Ljava/awt/event/MouseEvent;)V+64
j  javax.swing.JComponent.processMouseEvent(Ljava/awt/event/MouseEvent;)V+23
J 1194 C1 java.awt.Component.processEvent(Ljava/awt/AWTEvent;)V (220 bytes) @ 0x0000000109734bec [0x0000000109734740+0x4ac]
J 915 C1 java.awt.Container.processEvent(Ljava/awt/AWTEvent;)V (22 bytes) @ 0x0000000109653254 [0x0000000109652fa0+0x2b4]
J 1067 C1 java.awt.Component.dispatchEventImpl(Ljava/awt/AWTEvent;)V (883 bytes) @ 0x00000001096e5294 [0x00000001096e0860+0x4a34]
J 752 C1 java.awt.Container.dispatchEventImpl(Ljava/awt/AWTEvent;)V (129 bytes) @ 0x00000001095da884 [0x00000001095da740+0x144]
J 2372 C1 java.awt.LightweightDispatcher.retargetMouseEvent(Ljava/awt/Component;ILjava/awt/event/MouseEvent;)V (350 bytes) @ 0x0000000109a39c5c [0x0000000109a38080+0x1bdc]
J 2298 C1 java.awt.LightweightDispatcher.processMouseEvent(Ljava/awt/event/MouseEvent;)Z (301 bytes) @ 0x00000001099f9d9c [0x00000001099f8d60+0x103c]
J 1359 C1 java.awt.LightweightDispatcher.dispatchEvent(Ljava/awt/AWTEvent;)Z (73 bytes) @ 0x0000000109781f2c [0x0000000109781b00+0x42c]
J 752 C1 java.awt.Container.dispatchEventImpl(Ljava/awt/AWTEvent;)V (129 bytes) @ 0x00000001095da824 [0x00000001095da740+0xe4]
J 1358 C1 java.awt.Window.dispatchEventImpl(Ljava/awt/AWTEvent;)V (23 bytes) @ 0x00000001097815e4 [0x0000000109781140+0x4a4]
J 1098 C1 java.awt.EventQueue.dispatchEventImpl(Ljava/awt/AWTEvent;Ljava/lang/Object;)V (149 bytes) @ 0x00000001097044b4 [0x0000000109702e80+0x1634]
J 1096 C1 java.awt.EventQueue$3.run()Ljava/lang/Void; (60 bytes) @ 0x000000010970264c [0x0000000109702440+0x20c]
J 1095 C1 java.awt.EventQueue$3.run()Ljava/lang/Object; (5 bytes) @ 0x00000001096fd744 [0x00000001096fd6c0+0x84]
v  ~StubRoutines::call_stub
V  [libjvm.dylib+0x2c5186]
V  [libjvm.dylib+0x31a912]
J 936  java.security.AccessController.doPrivileged(Ljava/security/PrivilegedAction;Ljava/security/AccessControlContext;)Ljava/lang/Object; (0 bytes) @ 0x00000001096803d5 [0x0000000109680300+0xd5]

Java frames: (J=compiled Java code, j=interpreted, Vv=VM code)
j  sun.lwawt.macosx.CImage.nativeCopyNSImageIntoArray(J[III)V+0
j  sun.lwawt.macosx.CImage.toImage()Ljava/awt/image/BufferedImage;+72
j  sun.lwawt.macosx.CImage$Creator.createImageWithSize(JDD)Ljava/awt/image/BufferedImage;+21
j  sun.lwawt.macosx.CImage$Creator.createBufferedImage(JDD)Ljava/awt/image/BufferedImage;+21
j  sun.lwawt.macosx.CImage$Creator.createSystemImageFromSelector(Ljava/lang/String;II)Ljava/awt/image/BufferedImage;+12
j  com.apple.laf.AquaIcon$SystemIcon.createImage()Ljava/awt/Image;+15
j  com.apple.laf.AquaImageFactory.getAppIconCompositedOn(Lcom/apple/laf/AquaIcon$SystemIcon;)Ljavax/swing/plaf/IconUIResource;+9
j  com.apple.laf.AquaImageFactory.getStopImageIcon()Ljavax/swing/plaf/IconUIResource;+3
v  ~StubRoutines::call_stub
j  sun.reflect.NativeMethodAccessorImpl.invoke0(Ljava/lang/reflect/Method;Ljava/lang/Object;[Ljava/lang/Object;)Ljava/lang/Object;+0
j  sun.reflect.NativeMethodAccessorImpl.invoke(Ljava/lang/Object;[Ljava/lang/Object;)Ljava/lang/Object;+100
J 455 C1 sun.reflect.DelegatingMethodAccessorImpl.invoke(Ljava/lang/Object;[Ljava/lang/Object;)Ljava/lang/Object; (10 bytes) @ 0x0000000109523504 [0x0000000109523400+0x104]
J 454 C1 java.lang.reflect.Method.invoke(Ljava/lang/Object;[Ljava/lang/Object;)Ljava/lang/Object; (62 bytes) @ 0x0000000109522f34 [0x0000000109522bc0+0x374]
j  sun.swing.SwingLazyValue.createValue(Ljavax/swing/UIDefaults;)Ljava/lang/Object;+57
J 795 C2 javax.swing.UIDefaults.getFromHashtable(Ljava/lang/Object;)Ljava/lang/Object; (239 bytes) @ 0x00000001096031d8 [0x0000000109602f60+0x278]
J 432 C1 javax.swing.UIDefaults.get(Ljava/lang/Object;Ljava/util/Locale;)Ljava/lang/Object; (21 bytes) @ 0x0000000109517c94 [0x0000000109517c00+0x94]
J 1792 C1 javax.swing.MultiUIDefaults.get(Ljava/lang/Object;Ljava/util/Locale;)Ljava/lang/Object; (72 bytes) @ 0x000000010988c76c [0x000000010988c480+0x2ec]
J 802 C1 sun.swing.DefaultLookup.getDefault(Ljavax/swing/JComponent;Ljavax/swing/plaf/ComponentUI;Ljava/lang/String;)Ljava/lang/Object; (9 bytes) @ 0x0000000109605174 [0x0000000109604ea0+0x2d4]
J 801 C1 sun.swing.DefaultLookup.get(Ljavax/swing/JComponent;Ljavax/swing/plaf/ComponentUI;Ljava/lang/String;)Ljava/lang/Object; (137 bytes) @ 0x0000000109600004 [0x00000001095ff740+0x8c4]
j  javax.swing.plaf.basic.BasicOptionPaneUI.getIconForType(I)Ljavax/swing/Icon;+75
j  javax.swing.plaf.basic.BasicOptionPaneUI.getIcon()Ljavax/swing/Icon;+38
j  com.apple.laf.AquaOptionPaneUI.createMessageArea()Ljava/awt/Container;+39
j  javax.swing.plaf.basic.BasicOptionPaneUI.installComponents()V+5
j  javax.swing.plaf.basic.BasicOptionPaneUI.installUI(Ljavax/swing/JComponent;)V+24
j  javax.swing.JComponent.setUI(Ljavax/swing/plaf/ComponentUI;)V+39
j  javax.swing.JOptionPane.setUI(Ljavax/swing/plaf/OptionPaneUI;)V+10
j  javax.swing.JOptionPane.updateUI()V+8
j  javax.swing.JOptionPane.<init>(Ljava/lang/Object;IILjavax/swing/Icon;[Ljava/lang/Object;Ljava/lang/Object;)V+52
j  javax.swing.JOptionPane.showOptionDialog(Ljava/awt/Component;Ljava/lang/Object;Ljava/lang/String;IILjavax/swing/Icon;[Ljava/lang/Object;Ljava/lang/Object;)I+14
j  javax.swing.JOptionPane.showMessageDialog(Ljava/awt/Component;Ljava/lang/Object;Ljava/lang/String;ILjavax/swing/Icon;)V+9
j  javax.swing.JOptionPane.showMessageDialog(Ljava/awt/Component;Ljava/lang/Object;Ljava/lang/String;I)V+5
j  amazon.EditForm.mostraErrore(Ljava/sql/SQLException;)V+106
j  amazon.FinestraUtente.eseguiOk()V+118
j  amazon.FinestraUtente.bOkActionPerformed(Ljava/awt/event/ActionEvent;)V+1
j  amazon.FinestraUtente.access$100(Lamazon/FinestraUtente;Ljava/awt/event/ActionEvent;)V+2
j  amazon.FinestraUtente$2.actionPerformed(Ljava/awt/event/ActionEvent;)V+5
j  javax.swing.AbstractButton.fireActionPerformed(Ljava/awt/event/ActionEvent;)V+83
j  javax.swing.AbstractButton$Handler.actionPerformed(Ljava/awt/event/ActionEvent;)V+5
j  javax.swing.DefaultButtonModel.fireActionPerformed(Ljava/awt/event/ActionEvent;)V+34
j  javax.swing.DefaultButtonModel.setPressed(Z)V+117
j  javax.swing.plaf.basic.BasicButtonListener.mouseReleased(Ljava/awt/event/MouseEvent;)V+35
j  java.awt.Component.processMouseEvent(Ljava/awt/event/MouseEvent;)V+64
j  javax.swing.JComponent.processMouseEvent(Ljava/awt/event/MouseEvent;)V+23
J 1194 C1 java.awt.Component.processEvent(Ljava/awt/AWTEvent;)V (220 bytes) @ 0x0000000109734bec [0x0000000109734740+0x4ac]
J 915 C1 java.awt.Container.processEvent(Ljava/awt/AWTEvent;)V (22 bytes) @ 0x0000000109653254 [0x0000000109652fa0+0x2b4]
J 1067 C1 java.awt.Component.dispatchEventImpl(Ljava/awt/AWTEvent;)V (883 bytes) @ 0x00000001096e5294 [0x00000001096e0860+0x4a34]
J 752 C1 java.awt.Container.dispatchEventImpl(Ljava/awt/AWTEvent;)V (129 bytes) @ 0x00000001095da884 [0x00000001095da740+0x144]
J 2372 C1 java.awt.LightweightDispatcher.retargetMouseEvent(Ljava/awt/Component;ILjava/awt/event/MouseEvent;)V (350 bytes) @ 0x0000000109a39c5c [0x0000000109a38080+0x1bdc]
J 2298 C1 java.awt.LightweightDispatcher.processMouseEvent(Ljava/awt/event/MouseEvent;)Z (301 bytes) @ 0x00000001099f9d9c [0x00000001099f8d60+0x103c]
J 1359 C1 java.awt.LightweightDispatcher.dispatchEvent(Ljava/awt/AWTEvent;)Z (73 bytes) @ 0x0000000109781f2c [0x0000000109781b00+0x42c]
J 752 C1 java.awt.Container.dispatchEventImpl(Ljava/awt/AWTEvent;)V (129 bytes) @ 0x00000001095da824 [0x00000001095da740+0xe4]
J 1358 C1 java.awt.Window.dispatchEventImpl(Ljava/awt/AWTEvent;)V (23 bytes) @ 0x00000001097815e4 [0x0000000109781140+0x4a4]
J 1098 C1 java.awt.EventQueue.dispatchEventImpl(Ljava/awt/AWTEvent;Ljava/lang/Object;)V (149 bytes) @ 0x00000001097044b4 [0x0000000109702e80+0x1634]
J 1096 C1 java.awt.EventQueue$3.run()Ljava/lang/Void; (60 bytes) @ 0x000000010970264c [0x0000000109702440+0x20c]
J 1095 C1 java.awt.EventQueue$3.run()Ljava/lang/Object; (5 bytes) @ 0x00000001096fd744 [0x00000001096fd6c0+0x84]
v  ~StubRoutines::call_stub
J 936  java.security.AccessController.doPrivileged(Ljava/security/PrivilegedAction;Ljava/security/AccessControlContext;)Ljava/lang/Object; (0 bytes) @ 0x0000000109680363 [0x0000000109680300+0x63]
J 2459 C2 java.security.ProtectionDomain$1.doIntersectionPrivilege(Ljava/security/PrivilegedAction;Ljava/security/AccessControlContext;Ljava/security/AccessControlContext;)Ljava/lang/Object; (32 bytes) @ 0x0000000109a81d94 [0x0000000109a81cc0+0xd4]
J 963 C1 java.awt.EventQueue$4.run()Ljava/lang/Object; (5 bytes) @ 0x000000010969147c [0x00000001096910a0+0x3dc]
v  ~StubRoutines::call_stub
J 936  java.security.AccessController.doPrivileged(Ljava/security/PrivilegedAction;Ljava/security/AccessControlContext;)Ljava/lang/Object; (0 bytes) @ 0x0000000109680363 [0x0000000109680300+0x63]
J 956 C1 java.awt.EventQueue.dispatchEvent(Ljava/awt/AWTEvent;)V (80 bytes) @ 0x000000010968d664 [0x000000010968ca40+0xc24]
J 1101 C1 java.awt.EventDispatchThread.pumpOneEventForFilters(I)V (295 bytes) @ 0x000000010970885c [0x0000000109706d40+0x1b1c]
j  java.awt.EventDispatchThread.pumpEventsForFilter(ILjava/awt/Conditional;Ljava/awt/EventFilter;)V+35
j  java.awt.EventDispatchThread.pumpEventsForFilter(Ljava/awt/Conditional;Ljava/awt/EventFilter;)V+4
j  java.awt.WaitDispatchSupport$2.run()V+59
j  java.awt.WaitDispatchSupport$4.run()Ljava/lang/Void;+4
j  java.awt.WaitDispatchSupport$4.run()Ljava/lang/Object;+1
v  ~StubRoutines::call_stub
J 316  java.security.AccessController.doPrivileged(Ljava/security/PrivilegedAction;)Ljava/lang/Object; (0 bytes) @ 0x00000001094def0f [0x00000001094deec0+0x4f]
j  java.awt.WaitDispatchSupport.enter()Z+279
j  java.awt.Dialog.show()V+233
j  java.awt.Component.show(Z)V+5
j  java.awt.Component.setVisible(Z)V+2
j  java.awt.Window.setVisible(Z)V+2
j  java.awt.Dialog.setVisible(Z)V+2
j  amazon.EditForm.show(ILjava/util/List;Lamazon/TabOggetti;)V+59
j  amazon.TabOggetti.modificaRecord()V+10
j  amazon.TabOggetti.editRecordActionPerformed(Ljava/awt/event/ActionEvent;)V+1
j  amazon.TabOggetti.access$1400(Lamazon/TabOggetti;Ljava/awt/event/ActionEvent;)V+2
j  amazon.TabOggetti$15.actionPerformed(Ljava/awt/event/ActionEvent;)V+5
j  javax.swing.AbstractButton.fireActionPerformed(Ljava/awt/event/ActionEvent;)V+83
j  javax.swing.AbstractButton$Handler.actionPerformed(Ljava/awt/event/ActionEvent;)V+5
j  javax.swing.DefaultButtonModel.fireActionPerformed(Ljava/awt/event/ActionEvent;)V+34
j  javax.swing.DefaultButtonModel.setPressed(Z)V+117
j  javax.swing.plaf.basic.BasicButtonListener.mouseReleased(Ljava/awt/event/MouseEvent;)V+35
j  java.awt.Component.processMouseEvent(Ljava/awt/event/MouseEvent;)V+64
j  javax.swing.JComponent.processMouseEvent(Ljava/awt/event/MouseEvent;)V+23
J 1194 C1 java.awt.Component.processEvent(Ljava/awt/AWTEvent;)V (220 bytes) @ 0x0000000109734bec [0x0000000109734740+0x4ac]
J 915 C1 java.awt.Container.processEvent(Ljava/awt/AWTEvent;)V (22 bytes) @ 0x0000000109653254 [0x0000000109652fa0+0x2b4]
J 1067 C1 java.awt.Component.dispatchEventImpl(Ljava/awt/AWTEvent;)V (883 bytes) @ 0x00000001096e5294 [0x00000001096e0860+0x4a34]
J 752 C1 java.awt.Container.dispatchEventImpl(Ljava/awt/AWTEvent;)V (129 bytes) @ 0x00000001095da884 [0x00000001095da740+0x144]
J 2372 C1 java.awt.LightweightDispatcher.retargetMouseEvent(Ljava/awt/Component;ILjava/awt/event/MouseEvent;)V (350 bytes) @ 0x0000000109a39c5c [0x0000000109a38080+0x1bdc]
J 2298 C1 java.awt.LightweightDispatcher.processMouseEvent(Ljava/awt/event/MouseEvent;)Z (301 bytes) @ 0x00000001099f9d9c [0x00000001099f8d60+0x103c]
J 1359 C1 java.awt.LightweightDispatcher.dispatchEvent(Ljava/awt/AWTEvent;)Z (73 bytes) @ 0x0000000109781f2c [0x0000000109781b00+0x42c]
J 752 C1 java.awt.Container.dispatchEventImpl(Ljava/awt/AWTEvent;)V (129 bytes) @ 0x00000001095da824 [0x00000001095da740+0xe4]
J 1358 C1 java.awt.Window.dispatchEventImpl(Ljava/awt/AWTEvent;)V (23 bytes) @ 0x00000001097815e4 [0x0000000109781140+0x4a4]
J 1098 C1 java.awt.EventQueue.dispatchEventImpl(Ljava/awt/AWTEvent;Ljava/lang/Object;)V (149 bytes) @ 0x00000001097044b4 [0x0000000109702e80+0x1634]
J 1096 C1 java.awt.EventQueue$3.run()Ljava/lang/Void; (60 bytes) @ 0x000000010970264c [0x0000000109702440+0x20c]
J 1095 C1 java.awt.EventQueue$3.run()Ljava/lang/Object; (5 bytes) @ 0x00000001096fd744 [0x00000001096fd6c0+0x84]
v  ~StubRoutines::call_stub
J 936  java.security.AccessController.doPrivileged(Ljava/security/PrivilegedAction;Ljava/security/AccessControlContext;)Ljava/lang/Object; (0 bytes) @ 0x0000000109680363 [0x0000000109680300+0x63]
J 937 C1 java.security.ProtectionDomain$1.doIntersectionPrivilege(Ljava/security/PrivilegedAction;Ljava/security/AccessControlContext;Ljava/security/AccessControlContext;)Ljava/lang/Object; (32 bytes) @ 0x0000000109680994 [0x00000001096806a0+0x2f4]
J 963 C1 java.awt.EventQueue$4.run()Ljava/lang/Object; (5 bytes) @ 0x000000010969147c [0x00000001096910a0+0x3dc]
v  ~StubRoutines::call_stub
J 936  java.security.AccessController.doPrivileged(Ljava/security/PrivilegedAction;Ljava/security/AccessControlContext;)Ljava/lang/Object; (0 bytes) @ 0x0000000109680363 [0x0000000109680300+0x63]
J 956 C1 java.awt.EventQueue.dispatchEvent(Ljava/awt/AWTEvent;)V (80 bytes) @ 0x000000010968d664 [0x000000010968ca40+0xc24]
J 1101 C1 java.awt.EventDispatchThread.pumpOneEventForFilters(I)V (295 bytes) @ 0x000000010970885c [0x0000000109706d40+0x1b1c]
j  java.awt.EventDispatchThread.pumpEventsForFilter(ILjava/awt/Conditional;Ljava/awt/EventFilter;)V+35
j  java.awt.EventDispatchThread.pumpEventsForHierarchy(ILjava/awt/Conditional;Ljava/awt/Component;)V+11
j  java.awt.EventDispatchThread.pumpEvents(ILjava/awt/Conditional;)V+4
j  java.awt.EventDispatchThread.pumpEvents(Ljava/awt/Conditional;)V+3
j  java.awt.EventDispatchThread.run()V+9
v  ~StubRoutines::call_stub

---------------  P R O C E S S  ---------------

Java Threads: ( => current thread )
  0x00007fe308ecc000 JavaThread "oracle.jdbc.driver.BlockSource.ThreadedCachingBlockSource.BlockReleaser" daemon [_thread_blocked, id=33959, stack(0x000000012c78a000,0x000000012c88a000)]
  0x00007fe308e3e000 JavaThread "TimerQueue" daemon [_thread_blocked, id=57387, stack(0x000000012b269000,0x000000012b369000)]
  0x00007fe30926d800 JavaThread "DestroyJavaVM" [_thread_blocked, id=5891, stack(0x0000000109201000,0x0000000109301000)]
=>0x00007fe308a7d800 JavaThread "AWT-EventQueue-0" [_thread_in_native, id=50695, stack(0x000000012335f000,0x000000012345f000)]
  0x00007fe308a55800 JavaThread "Java2D Disposer" daemon [_thread_blocked, id=49415, stack(0x0000000122f92000,0x0000000123092000)]
  0x00007fe309093800 JavaThread "Java2D Queue Flusher" daemon [_thread_blocked, id=46855, stack(0x00000001220d8000,0x00000001221d8000)]
  0x00007fe309131800 JavaThread "AWT-Shutdown" [_thread_blocked, id=26899, stack(0x000000011f758000,0x000000011f858000)]
  0x00007fe3090ec800 JavaThread "AppKit Thread" daemon [_thread_in_native, id=2319, stack(0x00007fff5761f000,0x00007fff57e1f000)]
  0x00007fe30889e800 JavaThread "Service Thread" daemon [_thread_blocked, id=16643, stack(0x000000011e0a4000,0x000000011e1a4000)]
  0x00007fe30889d800 JavaThread "C1 CompilerThread1" daemon [_thread_blocked, id=16131, stack(0x000000011dfa1000,0x000000011e0a1000)]
  0x00007fe308859000 JavaThread "C2 CompilerThread0" daemon [_thread_blocked, id=15619, stack(0x000000011de9e000,0x000000011df9e000)]
  0x00007fe308845800 JavaThread "Signal Dispatcher" daemon [_thread_blocked, id=11783, stack(0x000000011dd9b000,0x000000011de9b000)]
  0x00007fe30903c000 JavaThread "Finalizer" daemon [_thread_blocked, id=11011, stack(0x000000011c4d7000,0x000000011c5d7000)]
  0x00007fe309030000 JavaThread "Reference Handler" daemon [_thread_blocked, id=10499, stack(0x000000011c3d4000,0x000000011c4d4000)]

Other Threads:
  0x00007fe30902d800 VMThread [stack: 0x000000011c2d1000,0x000000011c3d1000] [id=9987]
  0x00007fe309046000 WatcherThread [stack: 0x000000011e1a7000,0x000000011e2a7000] [id=17155]

VM state:not at safepoint (normal execution)

VM Mutex/Monitor currently owned by a thread: None

Heap:
 PSYoungGen      total 11264K, used 8204K [0x00000007aab00000, 0x00000007ab900000, 0x00000007c0000000)
  eden space 9216K, 67% used [0x00000007aab00000,0x00000007ab107df0,0x00000007ab400000)
  from space 2048K, 99% used [0x00000007ab700000,0x00000007ab8fb248,0x00000007ab900000)
  to   space 2560K, 0% used [0x00000007ab400000,0x00000007ab400000,0x00000007ab680000)
 ParOldGen       total 9728K, used 5998K [0x0000000780000000, 0x0000000780980000, 0x00000007aab00000)
  object space 9728K, 61% used [0x0000000780000000,0x00000007805dba10,0x0000000780980000)
 Metaspace       used 22468K, capacity 22626K, committed 22784K, reserved 1069056K
  class space    used 2935K, capacity 3005K, committed 3072K, reserved 1048576K

Card table byte_map: [0x00000001186d4000,0x00000001188d5000] byte_map_base: 0x0000000114ad4000

Marking Bits: (ParMarkBitMap*) 0x00000001087450a0
 Begin Bits: [0x0000000118c31000, 0x0000000119c31000)
 End Bits:   [0x0000000119c31000, 0x000000011ac31000)

Polling page: 0x0000000108df8000

CodeCache: size=245760Kb used=7613Kb max_used=7613Kb free=238146Kb
 bounds [0x0000000109314000, 0x0000000109a94000, 0x0000000118314000]
 total_blobs=3119 nmethods=2475 adapters=557
 compilation: enabled

Compilation events (10 events):
Event: 74.457 Thread 0x00007fe30889d800 2471       3       java.awt.Component::<init> (152 bytes)
Event: 74.457 Thread 0x00007fe30889d800 nmethod 2471 0x0000000109a86710 code [0x0000000109a868e0, 0x0000000109a86f98]
Event: 74.457 Thread 0x00007fe30889d800 2472   !   3       java.awt.Component::checkCoalescing (91 bytes)
Event: 74.459 Thread 0x00007fe30889d800 nmethod 2472 0x0000000109a84810 code [0x0000000109a84a80, 0x0000000109a85dc8]
Event: 74.459 Thread 0x00007fe30889d800 2473       1       java.awt.image.SampleModel::getWidth (5 bytes)
Event: 74.459 Thread 0x00007fe30889d800 nmethod 2473 0x0000000109a81f90 code [0x0000000109a820e0, 0x0000000109a821f0]
Event: 74.459 Thread 0x00007fe30889d800 2474       1       java.awt.image.SampleModel::getHeight (5 bytes)
Event: 74.459 Thread 0x00007fe30889d800 nmethod 2474 0x0000000109a84550 code [0x0000000109a846a0, 0x0000000109a847b0]
Event: 74.459 Thread 0x00007fe30889d800 2475       1       java.awt.image.DataBuffer::getNumBanks (5 bytes)
Event: 74.459 Thread 0x00007fe30889d800 nmethod 2475 0x0000000109a84290 code [0x0000000109a843e0, 0x0000000109a844f0]

GC Heap History (10 events):
Event: 33.092 GC heap before
{Heap before GC invocations=14 (full 0):
 PSYoungGen      total 5632K, used 4540K [0x00000007aab00000, 0x00000007ab500000, 0x00000007c0000000)
  eden space 3584K, 100% used [0x00000007aab00000,0x00000007aae80000,0x00000007aae80000)
  from space 2048K, 46% used [0x00000007aae80000,0x00000007aaf6f1c0,0x00000007ab080000)
  to   space 2048K, 0% used [0x00000007ab300000,0x00000007ab300000,0x00000007ab500000)
 ParOldGen       total 64000K, used 4434K [0x0000000780000000, 0x0000000783e80000, 0x00000007aab00000)
  object space 64000K, 6% used [0x0000000780000000,0x00000007804549d0,0x0000000783e80000)
 Metaspace       used 20017K, capacity 20182K, committed 20352K, reserved 1067008K
  class space    used 2578K, capacity 2619K, committed 2688K, reserved 1048576K
Event: 33.129 GC heap after
Heap after GC invocations=14 (full 0):
 PSYoungGen      total 8192K, used 923K [0x00000007aab00000, 0x00000007ab500000, 0x00000007c0000000)
  eden space 6144K, 0% used [0x00000007aab00000,0x00000007aab00000,0x00000007ab100000)
  from space 2048K, 45% used [0x00000007ab300000,0x00000007ab3e6f18,0x00000007ab500000)
  to   space 2048K, 0% used [0x00000007ab100000,0x00000007ab100000,0x00000007ab300000)
 ParOldGen       total 64000K, used 4692K [0x0000000780000000, 0x0000000783e80000, 0x00000007aab00000)
  object space 64000K, 7% used [0x0000000780000000,0x00000007804951c0,0x0000000783e80000)
 Metaspace       used 20017K, capacity 20182K, committed 20352K, reserved 1067008K
  class space    used 2578K, capacity 2619K, committed 2688K, reserved 1048576K
}
Event: 33.623 GC heap before
{Heap before GC invocations=15 (full 0):
 PSYoungGen      total 8192K, used 4003K [0x00000007aab00000, 0x00000007ab500000, 0x00000007c0000000)
  eden space 6144K, 50% used [0x00000007aab00000,0x00000007aae01eb8,0x00000007ab100000)
  from space 2048K, 45% used [0x00000007ab300000,0x00000007ab3e6f18,0x00000007ab500000)
  to   space 2048K, 0% used [0x00000007ab100000,0x00000007ab100000,0x00000007ab300000)
 ParOldGen       total 64000K, used 4692K [0x0000000780000000, 0x0000000783e80000, 0x00000007aab00000)
  object space 64000K, 7% used [0x0000000780000000,0x00000007804951c0,0x0000000783e80000)
 Metaspace       used 20983K, capacity 21122K, committed 21248K, reserved 1067008K
  class space    used 2713K, capacity 2781K, committed 2816K, reserved 1048576K
Event: 33.632 GC heap after
Heap after GC invocations=15 (full 0):
 PSYoungGen      total 8192K, used 839K [0x00000007aab00000, 0x00000007ab900000, 0x00000007c0000000)
  eden space 6144K, 0% used [0x00000007aab00000,0x00000007aab00000,0x00000007ab100000)
  from space 2048K, 40% used [0x00000007ab100000,0x00000007ab1d1cf8,0x00000007ab300000)
  to   space 2048K, 0% used [0x00000007ab700000,0x00000007ab700000,0x00000007ab900000)
 ParOldGen       total 64000K, used 5032K [0x0000000780000000, 0x0000000783e80000, 0x00000007aab00000)
  object space 64000K, 7% used [0x0000000780000000,0x00000007804ea1c0,0x0000000783e80000)
 Metaspace       used 20983K, capacity 21122K, committed 21248K, reserved 1067008K
  class space    used 2713K, capacity 2781K, committed 2816K, reserved 1048576K
}
Event: 33.632 GC heap before
{Heap before GC invocations=16 (full 1):
 PSYoungGen      total 8192K, used 839K [0x00000007aab00000, 0x00000007ab900000, 0x00000007c0000000)
  eden space 6144K, 0% used [0x00000007aab00000,0x00000007aab00000,0x00000007ab100000)
  from space 2048K, 40% used [0x00000007ab100000,0x00000007ab1d1cf8,0x00000007ab300000)
  to   space 2048K, 0% used [0x00000007ab700000,0x00000007ab700000,0x00000007ab900000)
 ParOldGen       total 64000K, used 5032K [0x0000000780000000, 0x0000000783e80000, 0x00000007aab00000)
  object space 64000K, 7% used [0x0000000780000000,0x00000007804ea1c0,0x0000000783e80000)
 Metaspace       used 20983K, capacity 21122K, committed 21248K, reserved 1067008K
  class space    used 2713K, capacity 2781K, committed 2816K, reserved 1048576K
Event: 33.862 GC heap after
Heap after GC invocations=16 (full 1):
 PSYoungGen      total 8192K, used 0K [0x00000007aab00000, 0x00000007ab900000, 0x00000007c0000000)
  eden space 6144K, 0% used [0x00000007aab00000,0x00000007aab00000,0x00000007ab100000)
  from space 2048K, 0% used [0x00000007ab100000,0x00000007ab100000,0x00000007ab300000)
  to   space 2048K, 0% used [0x00000007ab700000,0x00000007ab700000,0x00000007ab900000)
 ParOldGen       total 7680K, used 5443K [0x0000000780000000, 0x0000000780780000, 0x00000007aab00000)
  object space 7680K, 70% used [0x0000000780000000,0x0000000780550c38,0x0000000780780000)
 Metaspace       used 20983K, capacity 21122K, committed 21248K, reserved 1067008K
  class space    used 2713K, capacity 2781K, committed 2816K, reserved 1048576K
}
Event: 41.086 GC heap before
{Heap before GC invocations=17 (full 1):
 PSYoungGen      total 8192K, used 6144K [0x00000007aab00000, 0x00000007ab900000, 0x00000007c0000000)
  eden space 6144K, 100% used [0x00000007aab00000,0x00000007ab100000,0x00000007ab100000)
  from space 2048K, 0% used [0x00000007ab100000,0x00000007ab100000,0x00000007ab300000)
  to   space 2048K, 0% used [0x00000007ab700000,0x00000007ab700000,0x00000007ab900000)
 ParOldGen       total 7680K, used 5443K [0x0000000780000000, 0x0000000780780000, 0x00000007aab00000)
  object space 7680K, 70% used [0x0000000780000000,0x0000000780550c38,0x0000000780780000)
 Metaspace       used 21675K, capacity 21794K, committed 22144K, reserved 1069056K
  class space    used 2827K, capacity 2877K, committed 2944K, reserved 1048576K
Event: 41.174 GC heap after
Heap after GC invocations=17 (full 1):
 PSYoungGen      total 11264K, used 2043K [0x00000007aab00000, 0x00000007ab900000, 0x00000007c0000000)
  eden space 9216K, 0% used [0x00000007aab00000,0x00000007aab00000,0x00000007ab400000)
  from space 2048K, 99% used [0x00000007ab700000,0x00000007ab8feea8,0x00000007ab900000)
  to   space 2560K, 0% used [0x00000007ab400000,0x00000007ab400000,0x00000007ab680000)
 ParOldGen       total 7680K, used 6612K [0x0000000780000000, 0x0000000780780000, 0x00000007aab00000)
  object space 7680K, 86% used [0x0000000780000000,0x0000000780675278,0x0000000780780000)
 Metaspace       used 21675K, capacity 21794K, committed 22144K, reserved 1069056K
  class space    used 2827K, capacity 2877K, committed 2944K, reserved 1048576K
}
Event: 41.174 GC heap before
{Heap before GC invocations=18 (full 2):
 PSYoungGen      total 11264K, used 2043K [0x00000007aab00000, 0x00000007ab900000, 0x00000007c0000000)
  eden space 9216K, 0% used [0x00000007aab00000,0x00000007aab00000,0x00000007ab400000)
  from space 2048K, 99% used [0x00000007ab700000,0x00000007ab8feea8,0x00000007ab900000)
  to   space 2560K, 0% used [0x00000007ab400000,0x00000007ab400000,0x00000007ab680000)
 ParOldGen       total 7680K, used 6612K [0x0000000780000000, 0x0000000780780000, 0x00000007aab00000)
  object space 7680K, 86% used [0x0000000780000000,0x0000000780675278,0x0000000780780000)
 Metaspace       used 21675K, capacity 21794K, committed 22144K, reserved 1069056K
  class space    used 2827K, capacity 2877K, committed 2944K, reserved 1048576K
Event: 41.731 GC heap after
Heap after GC invocations=18 (full 2):
 PSYoungGen      total 11264K, used 2028K [0x00000007aab00000, 0x00000007ab900000, 0x00000007c0000000)
  eden space 9216K, 0% used [0x00000007aab00000,0x00000007aab00000,0x00000007ab400000)
  from space 2048K, 99% used [0x00000007ab700000,0x00000007ab8fb248,0x00000007ab900000)
  to   space 2560K, 0% used [0x00000007ab400000,0x00000007ab400000,0x00000007ab680000)
 ParOldGen       total 9728K, used 5998K [0x0000000780000000, 0x0000000780980000, 0x00000007aab00000)
  object space 9728K, 61% used [0x0000000780000000,0x00000007805dba10,0x0000000780980000)
 Metaspace       used 21675K, capacity 21794K, committed 22144K, reserved 1069056K
  class space    used 2827K, capacity 2877K, committed 2944K, reserved 1048576K
}

Deoptimization events (10 events):
Event: 14.743 Thread 0x00007fe308a7d800 Uncommon trap: reason=class_check action=maybe_recompile pc=0x00000001094be000 method=java.lang.String.equals(Ljava/lang/Object;)Z @ 8
Event: 28.972 Thread 0x00007fe308a7d800 Uncommon trap: reason=class_check action=maybe_recompile pc=0x0000000109712e38 method=java.util.HashMap.putVal(ILjava/lang/Object;Ljava/lang/Object;ZZ)Ljava/lang/Object; @ 253
Event: 28.974 Thread 0x00007fe308a7d800 Uncommon trap: reason=predicate action=maybe_recompile pc=0x00000001096a0f2c method=java.util.Arrays.binarySearch0([Ljava/lang/Object;IILjava/lang/Object;Ljava/util/Comparator;)I @ 28
Event: 28.989 Thread 0x00007fe308a7d800 Uncommon trap: reason=class_check action=maybe_recompile pc=0x0000000109712e38 method=java.util.HashMap.putVal(ILjava/lang/Object;Ljava/lang/Object;ZZ)Ljava/lang/Object; @ 253
Event: 29.105 Thread 0x00007fe308a7d800 Uncommon trap: reason=class_check action=maybe_recompile pc=0x0000000109712e38 method=java.util.HashMap.putVal(ILjava/lang/Object;Ljava/lang/Object;ZZ)Ljava/lang/Object; @ 253
Event: 29.105 Thread 0x00007fe308a7d800 Uncommon trap: reason=class_check action=maybe_recompile pc=0x0000000109712e38 method=java.util.HashMap.putVal(ILjava/lang/Object;Ljava/lang/Object;ZZ)Ljava/lang/Object; @ 253
Event: 29.206 Thread 0x00007fe308a7d800 Uncommon trap: reason=class_check action=maybe_recompile pc=0x000000010963e580 method=java.util.HashMap.putVal(ILjava/lang/Object;Ljava/lang/Object;ZZ)Ljava/lang/Object; @ 253
Event: 30.365 Thread 0x00007fe308a7d800 Uncommon trap: reason=unreached action=reinterpret pc=0x00000001097b571c method=java.security.AccessControlContext.combine([Ljava/security/ProtectionDomain;[Ljava/security/ProtectionDomain;)[Ljava/security/ProtectionDomain; @ 11
Event: 31.304 Thread 0x00007fe308a7d800 Uncommon trap: reason=unreached action=reinterpret pc=0x0000000109654568 method=sun.util.logging.PlatformLogger.isLoggable(Lsun/util/logging/PlatformLogger$Level;)Z @ 18
Event: 44.482 Thread 0x00007fe308a7d800 Uncommon trap: reason=unreached action=reinterpret pc=0x00000001097b2990 method=java.lang.Enum.equals(Ljava/lang/Object;)Z @ 2

Internal exceptions (10 events):
Event: 47.643 Thread 0x00007fe308a7d800 Exception <a 'java/security/PrivilegedActionException'> (0x00000007aae17290) thrown at [/HUDSON/workspace/8-2-build-macosx-x86_64/jdk8u5/2488/hotspot/src/share/vm/prims/jvm.cpp, line 1248]
Event: 47.644 Thread 0x00007fe308a7d800 Exception <a 'java/security/PrivilegedActionException'> (0x00000007aae193e0) thrown at [/HUDSON/workspace/8-2-build-macosx-x86_64/jdk8u5/2488/hotspot/src/share/vm/prims/jvm.cpp, line 1248]
Event: 47.670 Thread 0x00007fe308a7d800 Exception <a 'java/security/PrivilegedActionException'> (0x00000007aae20668) thrown at [/HUDSON/workspace/8-2-build-macosx-x86_64/jdk8u5/2488/hotspot/src/share/vm/prims/jvm.cpp, line 1248]
Event: 47.676 Thread 0x00007fe308a7d800 Exception <a 'java/security/PrivilegedActionException'> (0x00000007aae35840) thrown at [/HUDSON/workspace/8-2-build-macosx-x86_64/jdk8u5/2488/hotspot/src/share/vm/prims/jvm.cpp, line 1248]
Event: 47.677 Thread 0x00007fe308a7d800 Exception <a 'java/security/PrivilegedActionException'> (0x00000007aae395a8) thrown at [/HUDSON/workspace/8-2-build-macosx-x86_64/jdk8u5/2488/hotspot/src/share/vm/prims/jvm.cpp, line 1248]
Event: 47.679 Thread 0x00007fe308a7d800 Exception <a 'java/security/PrivilegedActionException'> (0x00000007aae3eb20) thrown at [/HUDSON/workspace/8-2-build-macosx-x86_64/jdk8u5/2488/hotspot/src/share/vm/prims/jvm.cpp, line 1248]
Event: 47.680 Thread 0x00007fe308a7d800 Exception <a 'java/security/PrivilegedActionException'> (0x00000007aae43328) thrown at [/HUDSON/workspace/8-2-build-macosx-x86_64/jdk8u5/2488/hotspot/src/share/vm/prims/jvm.cpp, line 1248]
Event: 74.431 Thread 0x00007fe308a7d800 Exception <a 'java/security/PrivilegedActionException'> (0x00000007ab0d4a08) thrown at [/HUDSON/workspace/8-2-build-macosx-x86_64/jdk8u5/2488/hotspot/src/share/vm/prims/jvm.cpp, line 1248]
Event: 74.434 Thread 0x00007fe308a7d800 Exception <a 'java/security/PrivilegedActionException'> (0x00000007ab0d8778) thrown at [/HUDSON/workspace/8-2-build-macosx-x86_64/jdk8u5/2488/hotspot/src/share/vm/prims/jvm.cpp, line 1248]
Event: 74.449 Thread 0x00007fe308a7d800 Exception <a 'java/security/PrivilegedActionException'> (0x00000007ab0dbf90) thrown at [/HUDSON/workspace/8-2-build-macosx-x86_64/jdk8u5/2488/hotspot/src/share/vm/prims/jvm.cpp, line 1248]

Events (10 events):
Event: 55.957 Executing VM operation: BulkRevokeBias
Event: 55.958 Executing VM operation: BulkRevokeBias done
Event: 55.985 Executing VM operation: BulkRevokeBias
Event: 55.986 Executing VM operation: BulkRevokeBias done
Event: 74.431 loading class oracle/net/ns/MarkerPacket
Event: 74.431 loading class oracle/net/ns/MarkerPacket done
Event: 74.434 loading class oracle/net/ns/Message
Event: 74.434 loading class oracle/net/ns/Message done
Event: 74.449 loading class oracle/net/ns/Message11
Event: 74.449 loading class oracle/net/ns/Message11 done


Dynamic libraries:
0x0000000009fe9000 	/System/Library/Frameworks/Cocoa.framework/Versions/A/Cocoa
0x0000000009fe9000 	/System/Library/Frameworks/Security.framework/Versions/A/Security
0x0000000009fe9000 	/System/Library/Frameworks/ApplicationServices.framework/Versions/A/ApplicationServices
0x0000000009fe9000 	/usr/lib/libz.1.dylib
0x0000000009fe9000 	/usr/lib/libSystem.B.dylib
0x0000000009fe9000 	/usr/lib/libobjc.A.dylib
0x0000000009fe9000 	/System/Library/Frameworks/CoreFoundation.framework/Versions/A/CoreFoundation
0x0000000009fe9000 	/System/Library/Frameworks/Foundation.framework/Versions/C/Foundation
0x0000000009fe9000 	/System/Library/Frameworks/AppKit.framework/Versions/C/AppKit
0x0000000009fe9000 	/System/Library/Frameworks/CoreData.framework/Versions/A/CoreData
0x0000000009fe9000 	/System/Library/PrivateFrameworks/RemoteViewServices.framework/Versions/A/RemoteViewServices
0x0000000009fe9000 	/System/Library/PrivateFrameworks/UIFoundation.framework/Versions/A/UIFoundation
0x0000000009fe9000 	/System/Library/Frameworks/AudioToolbox.framework/Versions/A/AudioToolbox
0x0000000009fe9000 	/System/Library/Frameworks/AudioUnit.framework/Versions/A/AudioUnit
0x0000000009fe9000 	/System/Library/PrivateFrameworks/DataDetectorsCore.framework/Versions/A/DataDetectorsCore
0x0000000009fe9000 	/System/Library/PrivateFrameworks/DesktopServicesPriv.framework/Versions/A/DesktopServicesPriv
0x0000000009fe9000 	/System/Library/Frameworks/Carbon.framework/Versions/A/Frameworks/HIToolbox.framework/Versions/A/HIToolbox
0x0000000009fe9000 	/System/Library/Frameworks/QuartzCore.framework/Versions/A/QuartzCore
0x0000000009fe9000 	/System/Library/Frameworks/Carbon.framework/Versions/A/Frameworks/SpeechRecognition.framework/Versions/A/SpeechRecognition
0x0000000009fe9000 	/usr/lib/libauto.dylib
0x0000000009fe9000 	/usr/lib/libicucore.A.dylib
0x0000000009fe9000 	/usr/lib/libxml2.2.dylib
0x0000000009fe9000 	/System/Library/PrivateFrameworks/CoreUI.framework/Versions/A/CoreUI
0x0000000009fe9000 	/System/Library/Frameworks/CoreAudio.framework/Versions/A/CoreAudio
0x0000000009fe9000 	/System/Library/Frameworks/DiskArbitration.framework/Versions/A/DiskArbitration
0x0000000009fe9000 	/usr/lib/liblangid.dylib
0x0000000009fe9000 	/System/Library/PrivateFrameworks/MultitouchSupport.framework/Versions/A/MultitouchSupport
0x0000000009fe9000 	/System/Library/Frameworks/IOKit.framework/Versions/A/IOKit
0x0000000009fe9000 	/usr/lib/libDiagnosticMessagesClient.dylib
0x0000000009fe9000 	/System/Library/Frameworks/CoreServices.framework/Versions/A/CoreServices
0x0000000009fe9000 	/System/Library/PrivateFrameworks/PerformanceAnalysis.framework/Versions/A/PerformanceAnalysis
0x0000000009fe9000 	/System/Library/PrivateFrameworks/GenerationalStorage.framework/Versions/A/GenerationalStorage
0x0000000009fe9000 	/System/Library/Frameworks/OpenGL.framework/Versions/A/OpenGL
0x0000000009fe9000 	/System/Library/PrivateFrameworks/Sharing.framework/Versions/A/Sharing
0x0000000009fe9000 	/System/Library/Frameworks/CoreGraphics.framework/Versions/A/CoreGraphics
0x0000000009fe9000 	/System/Library/Frameworks/CoreText.framework/Versions/A/CoreText
0x0000000009fe9000 	/System/Library/Frameworks/ImageIO.framework/Versions/A/ImageIO
0x0000000009fe9000 	/usr/lib/libextension.dylib
0x0000000009fe9000 	/System/Library/PrivateFrameworks/Backup.framework/Versions/A/Backup
0x0000000009fe9000 	/usr/lib/libarchive.2.dylib
0x0000000009fe9000 	/System/Library/Frameworks/CFNetwork.framework/Versions/A/CFNetwork
0x0000000009fe9000 	/System/Library/Frameworks/SystemConfiguration.framework/Versions/A/SystemConfiguration
0x0000000009fe9000 	/usr/lib/libCRFSuite.dylib
0x0000000009fe9000 	/usr/lib/libc++.1.dylib
0x0000000009fe9000 	/usr/lib/libc++abi.dylib
0x0000000009fe9000 	/usr/lib/system/libcache.dylib
0x0000000009fe9000 	/usr/lib/system/libcommonCrypto.dylib
0x0000000009fe9000 	/usr/lib/system/libcompiler_rt.dylib
0x0000000009fe9000 	/usr/lib/system/libcopyfile.dylib
0x0000000009fe9000 	/usr/lib/system/libcorecrypto.dylib
0x0000000009fe9000 	/usr/lib/system/libdispatch.dylib
0x0000000009fe9000 	/usr/lib/system/libdyld.dylib
0x0000000009fe9000 	/usr/lib/system/libkeymgr.dylib
0x0000000009fe9000 	/usr/lib/system/liblaunch.dylib
0x0000000009fe9000 	/usr/lib/system/libmacho.dylib
0x0000000009fe9000 	/usr/lib/system/libquarantine.dylib
0x0000000009fe9000 	/usr/lib/system/libremovefile.dylib
0x0000000009fe9000 	/usr/lib/system/libsystem_asl.dylib
0x0000000009fe9000 	/usr/lib/system/libsystem_blocks.dylib
0x0000000009fe9000 	/usr/lib/system/libsystem_c.dylib
0x0000000009fe9000 	/usr/lib/system/libsystem_configuration.dylib
0x0000000009fe9000 	/usr/lib/system/libsystem_coreservices.dylib
0x0000000009fe9000 	/usr/lib/system/libsystem_coretls.dylib
0x0000000009fe9000 	/usr/lib/system/libsystem_dnssd.dylib
0x0000000009fe9000 	/usr/lib/system/libsystem_info.dylib
0x0000000009fe9000 	/usr/lib/system/libsystem_kernel.dylib
0x0000000009fe9000 	/usr/lib/system/libsystem_m.dylib
0x0000000009fe9000 	/usr/lib/system/libsystem_malloc.dylib
0x0000000009fe9000 	/usr/lib/system/libsystem_network.dylib
0x0000000009fe9000 	/usr/lib/system/libsystem_networkextension.dylib
0x0000000009fe9000 	/usr/lib/system/libsystem_notify.dylib
0x0000000009fe9000 	/usr/lib/system/libsystem_platform.dylib
0x0000000009fe9000 	/usr/lib/system/libsystem_pthread.dylib
0x0000000009fe9000 	/usr/lib/system/libsystem_sandbox.dylib
0x0000000009fe9000 	/usr/lib/system/libsystem_secinit.dylib
0x0000000009fe9000 	/usr/lib/system/libsystem_stats.dylib
0x0000000009fe9000 	/usr/lib/system/libsystem_trace.dylib
0x0000000009fe9000 	/usr/lib/system/libunc.dylib
0x0000000009fe9000 	/usr/lib/system/libunwind.dylib
0x0000000009fe9000 	/usr/lib/system/libxpc.dylib
0x0000000009fe9000 	/usr/lib/libbz2.1.0.dylib
0x0000000009fe9000 	/usr/lib/liblzma.5.dylib
0x0000000009fe9000 	/usr/lib/libbsm.0.dylib
0x0000000009fe9000 	/usr/lib/libsqlite3.dylib
0x0000000009fe9000 	/usr/lib/system/libkxld.dylib
0x0000000009fe9000 	/usr/lib/libxar.1.dylib
0x0000000009fe9000 	/usr/lib/libpam.2.dylib
0x0000000009fe9000 	/usr/lib/libOpenScriptingUtil.dylib
0x0000000009fe9000 	/System/Library/Frameworks/CoreServices.framework/Versions/A/Frameworks/FSEvents.framework/Versions/A/FSEvents
0x0000000009fe9000 	/System/Library/Frameworks/CoreServices.framework/Versions/A/Frameworks/CarbonCore.framework/Versions/A/CarbonCore
0x0000000009fe9000 	/System/Library/Frameworks/CoreServices.framework/Versions/A/Frameworks/Metadata.framework/Versions/A/Metadata
0x0000000009fe9000 	/System/Library/Frameworks/CoreServices.framework/Versions/A/Frameworks/OSServices.framework/Versions/A/OSServices
0x0000000009fe9000 	/System/Library/Frameworks/CoreServices.framework/Versions/A/Frameworks/SearchKit.framework/Versions/A/SearchKit
0x0000000009fe9000 	/System/Library/Frameworks/CoreServices.framework/Versions/A/Frameworks/AE.framework/Versions/A/AE
0x0000000009fe9000 	/System/Library/Frameworks/CoreServices.framework/Versions/A/Frameworks/LaunchServices.framework/Versions/A/LaunchServices
0x0000000009fe9000 	/System/Library/Frameworks/CoreServices.framework/Versions/A/Frameworks/DictionaryServices.framework/Versions/A/DictionaryServices
0x0000000009fe9000 	/System/Library/Frameworks/NetFS.framework/Versions/A/NetFS
0x0000000009fe9000 	/System/Library/PrivateFrameworks/NetAuth.framework/Versions/A/NetAuth
0x0000000009fe9000 	/System/Library/PrivateFrameworks/login.framework/Versions/A/Frameworks/loginsupport.framework/Versions/A/loginsupport
0x0000000009fe9000 	/System/Library/PrivateFrameworks/TCC.framework/Versions/A/TCC
0x0000000009fe9000 	/System/Library/Frameworks/OpenDirectory.framework/Versions/A/Frameworks/CFOpenDirectory.framework/Versions/A/CFOpenDirectory
0x0000000009fe9000 	/System/Library/Frameworks/ServiceManagement.framework/Versions/A/ServiceManagement
0x0000000009fe9000 	/usr/lib/libxslt.1.dylib
0x0000000009fe9000 	/System/Library/Frameworks/Carbon.framework/Versions/A/Frameworks/Ink.framework/Versions/A/Ink
0x0000000009fe9000 	/System/Library/Frameworks/ApplicationServices.framework/Versions/A/Frameworks/ATS.framework/Versions/A/ATS
0x0000000009fe9000 	/System/Library/Frameworks/ApplicationServices.framework/Versions/A/Frameworks/ColorSync.framework/Versions/A/ColorSync
0x0000000009fe9000 	/System/Library/Frameworks/ApplicationServices.framework/Versions/A/Frameworks/HIServices.framework/Versions/A/HIServices
0x0000000009fe9000 	/System/Library/Frameworks/ApplicationServices.framework/Versions/A/Frameworks/LangAnalysis.framework/Versions/A/LangAnalysis
0x0000000009fe9000 	/System/Library/Frameworks/ApplicationServices.framework/Versions/A/Frameworks/PrintCore.framework/Versions/A/PrintCore
0x0000000009fe9000 	/System/Library/Frameworks/ApplicationServices.framework/Versions/A/Frameworks/QD.framework/Versions/A/QD
0x0000000009fe9000 	/System/Library/Frameworks/ApplicationServices.framework/Versions/A/Frameworks/SpeechSynthesis.framework/Versions/A/SpeechSynthesis
0x0000000009fe9000 	/System/Library/Frameworks/IOSurface.framework/Versions/A/IOSurface
0x0000000009fe9000 	/System/Library/Frameworks/Accelerate.framework/Versions/A/Accelerate
0x0000000009fe9000 	/System/Library/Frameworks/Accelerate.framework/Versions/A/Frameworks/vImage.framework/Versions/A/vImage
0x0000000009fe9000 	/System/Library/Frameworks/Accelerate.framework/Versions/A/Frameworks/vecLib.framework/Versions/A/vecLib
0x0000000009fe9000 	/System/Library/Frameworks/Accelerate.framework/Versions/A/Frameworks/vecLib.framework/Versions/A/libvDSP.dylib
0x0000000009fe9000 	/System/Library/Frameworks/Accelerate.framework/Versions/A/Frameworks/vecLib.framework/Versions/A/libvMisc.dylib
0x0000000009fe9000 	/System/Library/Frameworks/Accelerate.framework/Versions/A/Frameworks/vecLib.framework/Versions/A/libLAPACK.dylib
0x0000000009fe9000 	/System/Library/Frameworks/Accelerate.framework/Versions/A/Frameworks/vecLib.framework/Versions/A/libBLAS.dylib
0x0000000009fe9000 	/System/Library/Frameworks/Accelerate.framework/Versions/A/Frameworks/vecLib.framework/Versions/A/libLinearAlgebra.dylib
0x0000000009fe9000 	/System/Library/Frameworks/ApplicationServices.framework/Versions/A/Frameworks/ATS.framework/Versions/A/Resources/libFontParser.dylib
0x0000000009fe9000 	/System/Library/Frameworks/ApplicationServices.framework/Versions/A/Frameworks/ATS.framework/Versions/A/Resources/libFontRegistry.dylib
0x0000000009fe9000 	/System/Library/PrivateFrameworks/AppleVPA.framework/Versions/A/AppleVPA
0x0000000009fe9000 	/System/Library/PrivateFrameworks/AppleJPEG.framework/Versions/A/AppleJPEG
0x0000000009fe9000 	/System/Library/Frameworks/ImageIO.framework/Versions/A/Resources/libJPEG.dylib
0x0000000009fe9000 	/System/Library/Frameworks/ImageIO.framework/Versions/A/Resources/libTIFF.dylib
0x0000000009fe9000 	/System/Library/Frameworks/ImageIO.framework/Versions/A/Resources/libPng.dylib
0x0000000009fe9000 	/System/Library/Frameworks/ImageIO.framework/Versions/A/Resources/libGIF.dylib
0x0000000009fe9000 	/System/Library/Frameworks/ImageIO.framework/Versions/A/Resources/libJP2.dylib
0x0000000009fe9000 	/System/Library/Frameworks/ImageIO.framework/Versions/A/Resources/libRadiance.dylib
0x0000000009fe9000 	/System/Library/Frameworks/CoreVideo.framework/Versions/A/CoreVideo
0x0000000009fe9000 	/System/Library/Frameworks/OpenGL.framework/Versions/A/Libraries/libGLU.dylib
0x0000000009fe9000 	/System/Library/Frameworks/OpenGL.framework/Versions/A/Libraries/libGFXShared.dylib
0x0000000009fe9000 	/System/Library/Frameworks/OpenGL.framework/Versions/A/Libraries/libGL.dylib
0x0000000009fe9000 	/System/Library/Frameworks/OpenGL.framework/Versions/A/Libraries/libGLImage.dylib
0x0000000009fe9000 	/System/Library/Frameworks/OpenGL.framework/Versions/A/Libraries/libCVMSPluginSupport.dylib
0x0000000009fe9000 	/System/Library/Frameworks/OpenGL.framework/Versions/A/Libraries/libCoreVMClient.dylib
0x0000000009fe9000 	/usr/lib/libcups.2.dylib
0x0000000009fe9000 	/System/Library/Frameworks/Kerberos.framework/Versions/A/Kerberos
0x0000000009fe9000 	/System/Library/Frameworks/GSS.framework/Versions/A/GSS
0x0000000009fe9000 	/usr/lib/libresolv.9.dylib
0x0000000009fe9000 	/usr/lib/libiconv.2.dylib
0x0000000009fe9000 	/System/Library/PrivateFrameworks/Heimdal.framework/Versions/A/Heimdal
0x0000000009fe9000 	/usr/lib/libheimdal-asn1.dylib
0x0000000009fe9000 	/System/Library/Frameworks/OpenDirectory.framework/Versions/A/OpenDirectory
0x0000000009fe9000 	/System/Library/PrivateFrameworks/CommonAuth.framework/Versions/A/CommonAuth
0x0000000009fe9000 	/System/Library/Frameworks/SecurityFoundation.framework/Versions/A/SecurityFoundation
0x0000000009fe9000 	/System/Library/Frameworks/QuartzCore.framework/Versions/A/Frameworks/CoreImage.framework/Versions/A/CoreImage
0x0000000009fe9000 	/System/Library/PrivateFrameworks/CrashReporterSupport.framework/Versions/A/CrashReporterSupport
0x0000000009fe9000 	/System/Library/Frameworks/OpenCL.framework/Versions/A/OpenCL
0x0000000009fe9000 	/System/Library/PrivateFrameworks/FaceCore.framework/Versions/A/FaceCore
0x0000000009fe9000 	/System/Library/PrivateFrameworks/Ubiquity.framework/Versions/A/Ubiquity
0x0000000009fe9000 	/System/Library/PrivateFrameworks/IconServices.framework/Versions/A/IconServices
0x0000000009fe9000 	/System/Library/PrivateFrameworks/ChunkingLibrary.framework/Versions/A/ChunkingLibrary
0x0000000009fe9000 	/System/Library/PrivateFrameworks/Apple80211.framework/Versions/A/Apple80211
0x0000000009fe9000 	/System/Library/Frameworks/CoreWLAN.framework/Versions/A/CoreWLAN
0x0000000009fe9000 	/System/Library/Frameworks/IOBluetooth.framework/Versions/A/IOBluetooth
0x0000000009fe9000 	/System/Library/Frameworks/CoreWiFi.framework/Versions/A/CoreWiFi
0x0000000009fe9000 	/System/Library/Frameworks/CoreBluetooth.framework/Versions/A/CoreBluetooth
0x0000000009fe9000 	/System/Library/PrivateFrameworks/DebugSymbols.framework/Versions/A/DebugSymbols
0x0000000009fe9000 	/System/Library/PrivateFrameworks/CoreSymbolication.framework/Versions/A/CoreSymbolication
0x0000000009fe9000 	/System/Library/PrivateFrameworks/Symbolication.framework/Versions/A/Symbolication
0x0000000009fe9000 	/System/Library/PrivateFrameworks/SpeechRecognitionCore.framework/Versions/A/SpeechRecognitionCore
0x0000000107edf000 	/Library/Java/JavaVirtualMachines/jdk1.8.0_05.jdk/Contents/Home/jre/lib/server/libjvm.dylib
0x0000000009fe9000 	/usr/lib/libstdc++.6.dylib
0x0000000108db6000 	/Library/Java/JavaVirtualMachines/jdk1.8.0_05.jdk/Contents/Home/jre/lib/libverify.dylib
0x0000000108dc4000 	/Library/Java/JavaVirtualMachines/jdk1.8.0_05.jdk/Contents/Home/jre/lib/libjava.dylib
0x000000010930b000 	/Library/Java/JavaVirtualMachines/jdk1.8.0_05.jdk/Contents/Home/jre/lib/libzip.dylib
0x000000011c5d9000 	/System/Library/Frameworks/JavaVM.framework/Frameworks/JavaRuntimeSupport.framework/JavaRuntimeSupport
0x000000011c5f1000 	/System/Library/Frameworks/JavaVM.framework/Versions/A/Frameworks/JavaNativeFoundation.framework/Versions/A/JavaNativeFoundation
0x000000011c606000 	/System/Library/Frameworks/JavaVM.framework/Versions/A/JavaVM
0x0000000009fe9000 	/System/Library/Frameworks/Carbon.framework/Versions/A/Carbon
0x000000011c613000 	/System/Library/PrivateFrameworks/JavaLaunching.framework/Versions/A/JavaLaunching
0x0000000009fe9000 	/System/Library/Frameworks/Carbon.framework/Versions/A/Frameworks/CommonPanels.framework/Versions/A/CommonPanels
0x0000000009fe9000 	/System/Library/Frameworks/Carbon.framework/Versions/A/Frameworks/Help.framework/Versions/A/Help
0x0000000009fe9000 	/System/Library/Frameworks/Carbon.framework/Versions/A/Frameworks/ImageCapture.framework/Versions/A/ImageCapture
0x0000000009fe9000 	/System/Library/Frameworks/Carbon.framework/Versions/A/Frameworks/OpenScripting.framework/Versions/A/OpenScripting
0x0000000009fe9000 	/System/Library/Frameworks/Carbon.framework/Versions/A/Frameworks/Print.framework/Versions/A/Print
0x0000000009fe9000 	/System/Library/Frameworks/Carbon.framework/Versions/A/Frameworks/SecurityHI.framework/Versions/A/SecurityHI
0x000000011e305000 	/Library/Java/JavaVirtualMachines/jdk1.8.0_05.jdk/Contents/Home/jre/lib/libawt.dylib
0x000000011e3b4000 	/Library/Java/JavaVirtualMachines/jdk1.8.0_05.jdk/Contents/Home/jre/lib/./libmlib_image.dylib
0x000000011e480000 	/Library/Java/JavaVirtualMachines/jdk1.8.0_05.jdk/Contents/Home/jre/lib/libawt_lwawt.dylib
0x000000011e532000 	/Library/Java/JavaVirtualMachines/jdk1.8.0_05.jdk/Contents/Home/jre/lib/./libosxapp.dylib
0x0000000009fe9000 	/System/Library/Frameworks/ExceptionHandling.framework/Versions/A/ExceptionHandling
0x0000000009fe9000 	/System/Library/PrivateFrameworks/CoreServicesInternal.framework/Versions/A/CoreServicesInternal
0x0000000009fe9000 	/System/Library/PrivateFrameworks/CloudDocs.framework/Versions/A/CloudDocs
0x0000000009fe9000 	/System/Library/PrivateFrameworks/CoreDuet.framework/Versions/A/CoreDuet
0x0000000009fe9000 	/System/Library/Frameworks/CloudKit.framework/Versions/A/CloudKit
0x0000000009fe9000 	/System/Library/PrivateFrameworks/ProtocolBuffer.framework/Versions/A/ProtocolBuffer
0x0000000009fe9000 	/System/Library/PrivateFrameworks/CoreDuetDaemonProtocol.framework/Versions/A/CoreDuetDaemonProtocol
0x0000000009fe9000 	/System/Library/PrivateFrameworks/CoreDuetDebugLogging.framework/Versions/A/CoreDuetDebugLogging
0x0000000009fe9000 	/System/Library/Frameworks/CoreLocation.framework/Versions/A/CoreLocation
0x0000000009fe9000 	/System/Library/Frameworks/Accounts.framework/Versions/A/Accounts
0x0000000009fe9000 	/System/Library/PrivateFrameworks/ApplePushService.framework/Versions/A/ApplePushService
0x0000000009fe9000 	/System/Library/PrivateFrameworks/GeoServices.framework/Versions/A/GeoServices
0x0000000009fe9000 	/System/Library/PrivateFrameworks/OAuth.framework/Versions/A/OAuth
0x0000000009fe9000 	/System/Library/PrivateFrameworks/CoreDaemon.framework/Versions/B/CoreDaemon
0x0000000009fe9000 	/usr/lib/libcrypto.0.9.8.dylib
0x0000000009fe9000 	/System/Library/PrivateFrameworks/AppleSRP.framework/Versions/A/AppleSRP
0x0000000009fe9000 	/System/Library/PrivateFrameworks/TrustEvaluationAgent.framework/Versions/A/TrustEvaluationAgent
0x0000000009fe9000 	/System/Library/Frameworks/CoreGraphics.framework/Versions/A/Resources/libCGCMS.A.dylib
0x0000000009fe9000 	/System/Library/Frameworks/CoreGraphics.framework/Versions/A/Resources/libRIP.A.dylib
0x0000000009fe9000 	/System/Library/Frameworks/CoreGraphics.framework/Versions/A/Resources/libCGXType.A.dylib
0x0000000009fe9000 	/System/Library/Frameworks/OpenCL.framework/Versions/A/Libraries/libcldcpuengine.dylib
0x0000000009fe9000 	/System/Library/PrivateFrameworks/DiskImages.framework/Versions/A/DiskImages
0x0000000009fe9000 	/System/Library/Frameworks/DiscRecording.framework/Versions/A/DiscRecording
0x0000000009fe9000 	/usr/lib/libcsfde.dylib
0x0000000009fe9000 	/usr/lib/libcurl.4.dylib
0x0000000009fe9000 	/System/Library/PrivateFrameworks/MediaKit.framework/Versions/A/MediaKit
0x0000000009fe9000 	/System/Library/PrivateFrameworks/ProtectedCloudStorage.framework/Versions/A/ProtectedCloudStorage
0x0000000009fe9000 	/usr/lib/libCoreStorage.dylib
0x0000000009fe9000 	/System/Library/PrivateFrameworks/EFILogin.framework/Versions/A/EFILogin
0x0000000009fe9000 	/usr/lib/libutil.dylib
0x0000000009fe9000 	/System/Library/PrivateFrameworks/FindMyDevice.framework/Versions/A/FindMyDevice
0x0000000009fe9000 	/System/Library/Frameworks/LDAP.framework/Versions/A/LDAP
0x0000000009fe9000 	/usr/lib/libsasl2.2.dylib
0x00000001208f9000 	cl_kernels
0x00000001208fb000 	/System/Library/Frameworks/OpenCL.framework/Versions/A/Libraries/ImageFormats/unorm8_bgra.dylib
0x00000001208ea000 	cl_kernels
0x0000000009fe9000 	/System/Library/PrivateFrameworks/FamilyControls.framework/Versions/A/FamilyControls
0x0000000009fe9000 	/System/Library/PrivateFrameworks/CommerceKit.framework/Versions/A/Frameworks/CommerceCore.framework/Versions/A/CommerceCore
0x0000000009fe9000 	/System/Library/PrivateFrameworks/SystemAdministration.framework/Versions/A/SystemAdministration
0x0000000009fe9000 	/System/Library/PrivateFrameworks/AppContainer.framework/Versions/A/AppContainer
0x0000000009fe9000 	/System/Library/PrivateFrameworks/SecCodeWrapper.framework/Versions/A/SecCodeWrapper
0x0000000009fe9000 	/System/Library/Frameworks/DirectoryService.framework/Versions/A/DirectoryService
0x0000000009fe9000 	/System/Library/PrivateFrameworks/LoginUIKit.framework/Versions/A/Frameworks/LoginUICore.framework/Versions/A/LoginUICore
0x0000000009fe9000 	/usr/lib/libodfde.dylib
0x0000000122071000 	/Library/Java/JavaVirtualMachines/jdk1.8.0_05.jdk/Contents/Home/jre/lib/libfontmanager.dylib
0x0000000120468000 	/Library/Java/JavaVirtualMachines/jdk1.8.0_05.jdk/Contents/Home/jre/lib/libosxui.dylib
0x0000000009fe9000 	/System/Library/Frameworks/OpenGL.framework/Versions/A/Resources/GLEngine.bundle/GLEngine
0x0000000009fe9000 	/System/Library/Frameworks/OpenGL.framework/Versions/A/Libraries/libGLProgrammability.dylib
0x0000000000000000 	/System/Library/Extensions/GeForceTeslaGLDriver.bundle/Contents/MacOS/GeForceTeslaGLDriver
0x00000001221da000 	/System/Library/Extensions/GeForceTeslaGLDriver.bundle/Contents/MacOS/libclh.dylib
0x0000000122a21000 	/System/Library/PrivateFrameworks/GPUSupport.framework/Versions/A/Libraries/libGPUSupport.dylib
0x0000000009fe9000 	/System/Library/Frameworks/OpenGL.framework/Versions/A/Resources/GLRendererFloat.bundle/GLRendererFloat
0x0000000122b1a000 	/Library/Java/JavaVirtualMachines/jdk1.8.0_05.jdk/Contents/Home/jre/lib/libnet.dylib
0x00000001245da000 	/Library/Java/JavaVirtualMachines/jdk1.8.0_05.jdk/Contents/Home/jre/lib/libnio.dylib
0x000000012b6bd000 	/Library/Java/JavaVirtualMachines/jdk1.8.0_05.jdk/Contents/Home/jre/lib/libdcpr.dylib
0x0000000009fe9000 	/System/Library/Frameworks/Accelerate.framework/Versions/A/Frameworks/vImage.framework/Versions/A/Libraries/libCGInterfaces.dylib
0x000000012c299000 	/Library/Java/JavaVirtualMachines/jdk1.8.0_05.jdk/Contents/Home/jre/lib/libmanagement.dylib
0x000000012cea5000 	/Library/Java/JavaVirtualMachines/jdk1.8.0_05.jdk/Contents/Home/jre/lib/libosx.dylib

VM Arguments:
jvm_args: -Dfile.encoding=UTF-8 
java_command: amazon.MainWindow amazon pass01 188.9.189.147
java_class_path (initial): /Volumes/Mac Data/pixel89/Development/NetBeansProjects/amazon/ojdbc7.jar:/Applications/NetBeans/NetBeans 8.0.app/Contents/Resources/NetBeans/java/modules/ext/AbsoluteLayout.jar:/Applications/NetBeans/NetBeans 8.0.app/Contents/Resources/NetBeans/platform/modules/ext/swing-layout-1.0.4.jar:/Volumes/Mac Data/pixel89/Development/NetBeansProjects/amazon/build/classes
Launcher Type: SUN_STANDARD

Environment Variables:
PATH=/usr/bin:/bin:/usr/sbin:/sbin
LD_LIBRARY_PATH=/Library/Java/JavaVirtualMachines/jdk1.8.0_05.jdk/Contents/Home/jre/lib/amd64:/Library/Java/JavaVirtualMachines/jdk1.8.0_05.jdk/Contents/Home/jre/lib/i386:
SHELL=/bin/bash
DYLD_LIBRARY_PATH=/Applications/NetBeans/NetBeans 8.0.app/Contents/Resources/NetBeans/webcommon/bin:

Signal Handlers:
SIGSEGV: [libjvm.dylib+0x55f7df], sa_mask[0]=0xfffefeff, sa_flags=0x00000043
SIGBUS: [libjvm.dylib+0x55f7df], sa_mask[0]=0xfffefeff, sa_flags=0x00000042
SIGFPE: [libjvm.dylib+0x442cfa], sa_mask[0]=0xfffefeff, sa_flags=0x00000042
SIGPIPE: [libjvm.dylib+0x442cfa], sa_mask[0]=0xfffefeff, sa_flags=0x00000042
SIGXFSZ: [libjvm.dylib+0x442cfa], sa_mask[0]=0xfffefeff, sa_flags=0x00000042
SIGILL: [libjvm.dylib+0x442cfa], sa_mask[0]=0xfffefeff, sa_flags=0x00000042
SIGUSR1: SIG_DFL, sa_mask[0]=0x00000000, sa_flags=0x00000000
SIGUSR2: [libjvm.dylib+0x442818], sa_mask[0]=0x00000004, sa_flags=0x00000042
SIGHUP: [libjvm.dylib+0x440ba5], sa_mask[0]=0xfffefeff, sa_flags=0x00000042
SIGINT: SIG_IGN, sa_mask[0]=0x00000000, sa_flags=0x00000000
SIGTERM: [libjvm.dylib+0x440ba5], sa_mask[0]=0xfffefeff, sa_flags=0x00000042
SIGQUIT: [libjvm.dylib+0x440ba5], sa_mask[0]=0xfffefeff, sa_flags=0x00000042


---------------  S Y S T E M  ---------------

OS:Bsduname:Darwin 14.0.0 Darwin Kernel Version 14.0.0: Wed Jul 16 00:46:31 PDT 2014; root:xnu-2782.1.43.0.2~2/RELEASE_X86_64 x86_64
rlimit: STACK 8192k, CORE 0k, NPROC 709, NOFILE 10240, AS infinity
load average:25.37 20.57 14.76

CPU:total 2 (2 cores per cpu, 1 threads per core) family 6 model 23 stepping 10, cmov, cx8, fxsr, mmx, sse, sse2, sse3, ssse3, sse4.1, tsc

Memory: 4k page, physical 4194304k(12468k free)

/proc/meminfo:


vm_info: Java HotSpot(TM) 64-Bit Server VM (25.5-b02) for bsd-amd64 JRE (1.8.0_05-b13), built on Mar 18 2014 00:36:13 by "java_re" with gcc 4.2.1 (Based on Apple Inc. build 5658) (LLVM build 2336.11.00)

time: Tue Aug 12 12:22:04 2014
elapsed time: 74 seconds

